test/mutie/nzangi/solutions/Pullova_TEST/app/build/outputs/logs/manifest-merger-debug-report.txt
-- Merging decision tree log ---
manifest
ADDED from src\main\AndroidManifest.xml:2:1-47:12
INJECTED from src\main\AndroidManifest.xml:2:1-47:12
INJECTED from src\main\AndroidManifest.xml:2:1-47:12
INJECTED from src\main\AndroidManifest.xml:2:1-47:12
MERGED from [com.google.android.gms:play-services-location:11.0.4] AndroidManifest.xml:2:1-5:12
MERGED from [com.android.support:design:26.0.0-beta1] AndroidManifest.xml:17:1-31:12
MERGED from [com.android.support:appcompat-v7:26.0.0-beta1] AndroidManifest.xml:17:1-31:12
MERGED from [com.android.support.constraint:constraint-layout:1.0.2] AndroidManifest.xml:2:1-11:12
MERGED from [com.google.android.gms:play-services-maps:11.0.4] AndroidManifest.xml:16:1-25:12
MERGED from [com.google.android.gms:play-services-vision:11.0.4] AndroidManifest.xml:2:1-5:12
MERGED from [com.google.maps.android:android-maps-utils:0.5] AndroidManifest.xml:2:1-13:12
MERGED from [com.google.android.gms:play-services-vision-common:11.0.4] AndroidManifest.xml:2:1-5:12
MERGED from [com.google.android.gms:play-services-base:11.0.4] AndroidManifest.xml:16:1-21:12
MERGED from [com.google.android.gms:play-services-tasks:11.0.4] AndroidManifest.xml:2:1-5:12
MERGED from [com.google.android.gms:play-services-basement:11.0.4] AndroidManifest.xml:16:1-23:12
MERGED from [com.android.support:animated-vector-drawable:26.0.0-beta1] AndroidManifest.xml:17:1-28:12
MERGED from [com.android.support:support-vector-drawable:26.0.0-beta1] AndroidManifest.xml:17:1-28:12
MERGED from [com.android.support:recyclerview-v7:26.0.0-beta1] AndroidManifest.xml:17:1-28:12
MERGED from [com.android.support:transition:26.0.0-beta1] AndroidManifest.xml:17:1-28:12
MERGED from [com.android.support:support-v4:26.0.0-beta1] AndroidManifest.xml:17:1-31:12
MERGED from [com.android.support:support-fragment:26.0.0-beta1] AndroidManifest.xml:17:1-31:12
MERGED from [com.android.support:support-core-ui:26.0.0-beta1] AndroidManifest.xml:17:1-31:12
MERGED from [com.android.support:support-media-compat:26.0.0-beta1] AndroidManifest.xml:17:1-31:12
MERGED from [com.android.support:support-core-utils:26.0.0-beta1] AndroidManifest.xml:17:1-31:12
MERGED from [com.android.support:support-compat:26.0.0-beta1] AndroidManifest.xml:17:1-31:12
INJECTED from src\main\AndroidManifest.xml:2:1-47:12
INJECTED from src\main\AndroidManifest.xml:2:1-47:12
INJECTED from src\main\AndroidManifest.xml:2:1-47:12
	package
		ADDED from src\main\AndroidManifest.xml:3:5-63
		INJECTED from src\main\AndroidManifest.xml
		INJECTED from src\main\AndroidManifest.xml
	android:versionName
		INJECTED from src\main\AndroidManifest.xml
		ADDED from src\main\AndroidManifest.xml:2:1-47:12
		INJECTED from src\main\AndroidManifest.xml
	android:versionCode
		INJECTED from src\main\AndroidManifest.xml
		ADDED from src\main\AndroidManifest.xml:2:1-47:12
		INJECTED from src\main\AndroidManifest.xml
	xmlns:android
		ADDED from src\main\AndroidManifest.xml:2:11-69
uses-feature#0x00020000
ADDED from src\main\AndroidManifest.xml:5:5-7:35
MERGED from [com.google.android.gms:play-services-maps:11.0.4] AndroidManifest.xml:21:5-77
MERGED from [com.google.android.gms:play-services-maps:11.0.4] AndroidManifest.xml:21:5-77
	android:glEsVersion
		ADDED from src\main\AndroidManifest.xml:6:9-41
	android:required
		ADDED from src\main\AndroidManifest.xml:7:9-32
permission#kinzangilar.systems.munzangilar.org.pullova_test.permission.MAPS_RECEIVE
ADDED from src\main\AndroidManifest.xml:9:5-11:47
	android:protectionLevel
		ADDED from src\main\AndroidManifest.xml:11:9-44
	android:name
		ADDED from src\main\AndroidManifest.xml:10:9-96
uses-permission#kinzangilar.systems.munzangilar.org.pullova_test.permission.MAPS_RECEIVE
ADDED from src\main\AndroidManifest.xml:13:5-112
	android:name
		ADDED from src\main\AndroidManifest.xml:13:22-109
uses-permission#android.permission.ACCESS_COARSE_LOCATION
ADDED from src\main\AndroidManifest.xml:14:5-81
	android:name
		ADDED from src\main\AndroidManifest.xml:14:22-78
uses-permission#android.permission.ACCESS_FINE_LOCATION
ADDED from src\main\AndroidManifest.xml:15:5-79
	android:name
		ADDED from src\main\AndroidManifest.xml:15:22-76
uses-permission#android.permission.ACCESS_NETWORK_STATE
ADDED from src\main\AndroidManifest.xml:16:5-79
MERGED from [com.google.android.gms:play-services-maps:11.0.4] AndroidManifest.xml:19:5-78
MERGED from [com.google.android.gms:play-services-maps:11.0.4] AndroidManifest.xml:19:5-78
	android:name
		ADDED from src\main\AndroidManifest.xml:16:22-76
uses-permission#android.permission.WRITE_EXTERNAL_STORAGE
ADDED from src\main\AndroidManifest.xml:17:5-81
	android:name
		ADDED from src\main\AndroidManifest.xml:17:22-78
uses-permission#android.permission.INTERNET
ADDED from src\main\AndroidManifest.xml:18:5-67
MERGED from [com.google.android.gms:play-services-maps:11.0.4] AndroidManifest.xml:20:5-66
MERGED from [com.google.android.gms:play-services-maps:11.0.4] AndroidManifest.xml:20:5-66
	android:name
		ADDED from src\main\AndroidManifest.xml:18:22-64
uses-permission#com.google.android.providers.gsf.permission.READ_GSERVICES
ADDED from src\main\AndroidManifest.xml:19:5-98
	android:name
		ADDED from src\main\AndroidManifest.xml:19:22-95
application
ADDED from src\main\AndroidManifest.xml:21:5-45:19
MERGED from [com.google.android.gms:play-services-location:11.0.4] AndroidManifest.xml:4:5-19
MERGED from [com.google.android.gms:play-services-location:11.0.4] AndroidManifest.xml:4:5-19
MERGED from [com.android.support:design:26.0.0-beta1] AndroidManifest.xml:25:5-29:19
MERGED from [com.android.support:design:26.0.0-beta1] AndroidManifest.xml:25:5-29:19
MERGED from [com.android.support:appcompat-v7:26.0.0-beta1] AndroidManifest.xml:25:5-29:19
MERGED from [com.android.support:appcompat-v7:26.0.0-beta1] AndroidManifest.xml:25:5-29:19
MERGED from [com.android.support.constraint:constraint-layout:1.0.2] AndroidManifest.xml:9:5-20
MERGED from [com.android.support.constraint:constraint-layout:1.0.2] AndroidManifest.xml:9:5-20
MERGED from [com.google.android.gms:play-services-maps:11.0.4] AndroidManifest.xml:24:5-19
MERGED from [com.google.android.gms:play-services-maps:11.0.4] AndroidManifest.xml:24:5-19
MERGED from [com.google.android.gms:play-services-vision:11.0.4] AndroidManifest.xml:4:5-19
MERGED from [com.google.android.gms:play-services-vision:11.0.4] AndroidManifest.xml:4:5-19
MERGED from [com.google.maps.android:android-maps-utils:0.5] AndroidManifest.xml:7:5-11:19
MERGED from [com.google.maps.android:android-maps-utils:0.5] AndroidManifest.xml:7:5-11:19
MERGED from [com.google.android.gms:play-services-vision-common:11.0.4] AndroidManifest.xml:4:5-19
MERGED from [com.google.android.gms:play-services-vision-common:11.0.4] AndroidManifest.xml:4:5-19
MERGED from [com.google.android.gms:play-services-base:11.0.4] AndroidManifest.xml:18:5-20:19
MERGED from [com.google.android.gms:play-services-base:11.0.4] AndroidManifest.xml:18:5-20:19
MERGED from [com.google.android.gms:play-services-tasks:11.0.4] AndroidManifest.xml:4:5-19
MERGED from [com.google.android.gms:play-services-tasks:11.0.4] AndroidManifest.xml:4:5-19
MERGED from [com.google.android.gms:play-services-basement:11.0.4] AndroidManifest.xml:19:5-21:19
MERGED from [com.google.android.gms:play-services-basement:11.0.4] AndroidManifest.xml:19:5-21:19
MERGED from [com.android.support:animated-vector-drawable:26.0.0-beta1] AndroidManifest.xml:22:5-26:19
MERGED from [com.android.support:animated-vector-drawable:26.0.0-beta1] AndroidManifest.xml:22:5-26:19
MERGED from [com.android.support:support-vector-drawable:26.0.0-beta1] AndroidManifest.xml:22:5-26:19
MERGED from [com.android.support:support-vector-drawable:26.0.0-beta1] AndroidManifest.xml:22:5-26:19
MERGED from [com.android.support:recyclerview-v7:26.0.0-beta1] AndroidManifest.xml:22:5-26:19
MERGED from [com.android.support:recyclerview-v7:26.0.0-beta1] AndroidManifest.xml:22:5-26:19
MERGED from [com.android.support:transition:26.0.0-beta1] AndroidManifest.xml:22:5-26:19
MERGED from [com.android.support:transition:26.0.0-beta1] AndroidManifest.xml:22:5-26:19
MERGED from [com.android.support:support-v4:26.0.0-beta1] AndroidManifest.xml:25:5-29:19
MERGED from [com.android.support:support-v4:26.0.0-beta1] AndroidManifest.xml:25:5-29:19
MERGED from [com.android.support:support-fragment:26.0.0-beta1] AndroidManifest.xml:25:5-29:19
MERGED from [com.android.support:support-fragment:26.0.0-beta1] AndroidManifest.xml:25:5-29:19
MERGED from [com.android.support:support-core-ui:26.0.0-beta1] AndroidManifest.xml:25:5-29:19
MERGED from [com.android.support:support-core-ui:26.0.0-beta1] AndroidManifest.xml:25:5-29:19
MERGED from [com.android.support:support-media-compat:26.0.0-beta1] AndroidManifest.xml:25:5-29:19
MERGED from [com.android.support:support-media-compat:26.0.0-beta1] AndroidManifest.xml:25:5-29:19
MERGED from [com.android.support:support-core-utils:26.0.0-beta1] AndroidManifest.xml:25:5-29:19
MERGED from [com.android.support:support-core-utils:26.0.0-beta1] AndroidManifest.xml:25:5-29:19
MERGED from [com.android.support:support-compat:26.0.0-beta1] AndroidManifest.xml:25:5-29:19
MERGED from [com.android.support:support-compat:26.0.0-beta1] AndroidManifest.xml:25:5-29:19
	android:supportsRtl
		ADDED from src\main\AndroidManifest.xml:26:9-35
	android:label
		ADDED from src\main\AndroidManifest.xml:24:9-41
	android:roundIcon
		ADDED from src\main\AndroidManifest.xml:25:9-54
	android:icon
		ADDED from src\main\AndroidManifest.xml:23:9-43
	android:allowBackup
		ADDED from src\main\AndroidManifest.xml:22:9-35
	android:theme
		ADDED from src\main\AndroidManifest.xml:27:9-65
activity#kinzangilar.systems.munzangilar.org.pullova_test.MainActivity
ADDED from src\main\AndroidManifest.xml:33:9-39:20
	android:name
		ADDED from src\main\AndroidManifest.xml:33:19-47
intent-filter#android.intent.action.MAIN+android.intent.category.LAUNCHER
ADDED from src\main\AndroidManifest.xml:34:13-38:29
action#android.intent.action.MAIN
ADDED from src\main\AndroidManifest.xml:35:17-69
	android:name
		ADDED from src\main\AndroidManifest.xml:35:25-66
category#android.intent.category.LAUNCHER
ADDED from src\main\AndroidManifest.xml:37:17-77
	android:name
		ADDED from src\main\AndroidManifest.xml:37:27-74
meta-data#com.google.android.geo.API_KEY
ADDED from src\main\AndroidManifest.xml:41:9-43:55
	android:value
		ADDED from src\main\AndroidManifest.xml:43:13-52
	android:name
		ADDED from src\main\AndroidManifest.xml:42:13-58
uses-sdk
INJECTED from src\main\AndroidManifest.xml reason: use-sdk injection requested
INJECTED from src\main\AndroidManifest.xml
INJECTED from src\main\AndroidManifest.xml
MERGED from [com.google.android.gms:play-services-location:11.0.4] AndroidManifest.xml:3:5-43
MERGED from [com.google.android.gms:play-services-location:11.0.4] AndroidManifest.xml:3:5-43
MERGED from [com.android.support:design:26.0.0-beta1] AndroidManifest.xml:21:5-23:62
MERGED from [com.android.support:design:26.0.0-beta1] AndroidManifest.xml:21:5-23:62
MERGED from [com.android.support:appcompat-v7:26.0.0-beta1] AndroidManifest.xml:21:5-23:78
MERGED from [com.android.support:appcompat-v7:26.0.0-beta1] AndroidManifest.xml:21:5-23:78
MERGED from [com.android.support.constraint:constraint-layout:1.0.2] AndroidManifest.xml:5:5-7:41
MERGED from [com.android.support.constraint:constraint-layout:1.0.2] AndroidManifest.xml:5:5-7:41
MERGED from [com.google.android.gms:play-services-maps:11.0.4] AndroidManifest.xml:23:5-43
MERGED from [com.google.android.gms:play-services-maps:11.0.4] AndroidManifest.xml:23:5-43
MERGED from [com.google.android.gms:play-services-vision:11.0.4] AndroidManifest.xml:3:5-43
MERGED from [com.google.android.gms:play-services-vision:11.0.4] AndroidManifest.xml:3:5-43
MERGED from [com.google.maps.android:android-maps-utils:0.5] AndroidManifest.xml:5:5-43
MERGED from [com.google.maps.android:android-maps-utils:0.5] AndroidManifest.xml:5:5-43
MERGED from [com.google.android.gms:play-services-vision-common:11.0.4] AndroidManifest.xml:3:5-43
MERGED from [com.google.android.gms:play-services-vision-common:11.0.4] AndroidManifest.xml:3:5-43
MERGED from [com.google.android.gms:play-services-base:11.0.4] AndroidManifest.xml:17:5-43
MERGED from [com.google.android.gms:play-services-base:11.0.4] AndroidManifest.xml:17:5-43
MERGED from [com.google.android.gms:play-services-tasks:11.0.4] AndroidManifest.xml:3:5-43
MERGED from [com.google.android.gms:play-services-tasks:11.0.4] AndroidManifest.xml:3:5-43
MERGED from [com.google.android.gms:play-services-basement:11.0.4] AndroidManifest.xml:17:5-43
MERGED from [com.google.android.gms:play-services-basement:11.0.4] AndroidManifest.xml:17:5-43
MERGED from [com.android.support:animated-vector-drawable:26.0.0-beta1] AndroidManifest.xml:20:5-44
MERGED from [com.android.support:animated-vector-drawable:26.0.0-beta1] AndroidManifest.xml:20:5-44
MERGED from [com.android.support:support-vector-drawable:26.0.0-beta1] AndroidManifest.xml:20:5-44
MERGED from [com.android.support:support-vector-drawable:26.0.0-beta1] AndroidManifest.xml:20:5-44
MERGED from [com.android.support:recyclerview-v7:26.0.0-beta1] AndroidManifest.xml:20:5-44
MERGED from [com.android.support:recyclerview-v7:26.0.0-beta1] AndroidManifest.xml:20:5-44
MERGED from [com.android.support:transition:26.0.0-beta1] AndroidManifest.xml:20:5-44
MERGED from [com.android.support:transition:26.0.0-beta1] AndroidManifest.xml:20:5-44
MERGED from [com.android.support:support-v4:26.0.0-beta1] AndroidManifest.xml:21:5-23:54
MERGED from [com.android.support:support-v4:26.0.0-beta1] AndroidManifest.xml:21:5-23:54
MERGED from [com.android.support:support-fragment:26.0.0-beta1] AndroidManifest.xml:21:5-23:60
MERGED from [com.android.support:support-fragment:26.0.0-beta1] AndroidManifest.xml:21:5-23:60
MERGED from [com.android.support:support-core-ui:26.0.0-beta1] AndroidManifest.xml:21:5-23:58
MERGED from [com.android.support:support-core-ui:26.0.0-beta1] AndroidManifest.xml:21:5-23:58
MERGED from [com.android.support:support-media-compat:26.0.0-beta1] AndroidManifest.xml:21:5-23:63
MERGED from [com.android.support:support-media-compat:26.0.0-beta1] AndroidManifest.xml:21:5-23:63
MERGED from [com.android.support:support-core-utils:26.0.0-beta1] AndroidManifest.xml:21:5-23:61
MERGED from [com.android.support:support-core-utils:26.0.0-beta1] AndroidManifest.xml:21:5-23:61
MERGED from [com.android.support:support-compat:26.0.0-beta1] AndroidManifest.xml:21:5-23:58
MERGED from [com.android.support:support-compat:26.0.0-beta1] AndroidManifest.xml:21:5-23:58
INJECTED from src\main\AndroidManifest.xml
INJECTED from src\main\AndroidManifest.xml
	tools:overrideLibrary
		ADDED from [com.android.support:design:26.0.0-beta1] AndroidManifest.xml:23:9-59
	android:targetSdkVersion
		INJECTED from src\main\AndroidManifest.xml
		ADDED from src\main\AndroidManifest.xml
		INJECTED from src\main\AndroidManifest.xml
	android:minSdkVersion
		INJECTED from src\main\AndroidManifest.xml
		ADDED from src\main\AndroidManifest.xml
		INJECTED from src\main\AndroidManifest.xml
meta-data#android.support.VERSION
ADDED from [com.android.support:design:26.0.0-beta1] AndroidManifest.xml:26:9-28:44
MERGED from [com.android.support:appcompat-v7:26.0.0-beta1] AndroidManifest.xml:26:9-28:44
MERGED from [com.android.support:appcompat-v7:26.0.0-beta1] AndroidManifest.xml:26:9-28:44
MERGED from [com.android.support:animated-vector-drawable:26.0.0-beta1] AndroidManifest.xml:23:9-25:44
MERGED from [com.android.support:animated-vector-drawable:26.0.0-beta1] AndroidManifest.xml:23:9-25:44
MERGED from [com.android.support:support-vector-drawable:26.0.0-beta1] AndroidManifest.xml:23:9-25:44
MERGED from [com.android.support:support-vector-drawable:26.0.0-beta1] AndroidManifest.xml:23:9-25:44
MERGED from [com.android.support:recyclerview-v7:26.0.0-beta1] AndroidManifest.xml:23:9-25:44
MERGED from [com.android.support:recyclerview-v7:26.0.0-beta1] AndroidManifest.xml:23:9-25:44
MERGED from [com.android.support:transition:26.0.0-beta1] AndroidManifest.xml:23:9-25:44
MERGED from [com.android.support:transition:26.0.0-beta1] AndroidManifest.xml:23:9-25:44
MERGED from [com.android.support:support-v4:26.0.0-beta1] AndroidManifest.xml:26:9-28:44
MERGED from [com.android.support:support-v4:26.0.0-beta1] AndroidManifest.xml:26:9-28:44
MERGED from [com.android.support:support-fragment:26.0.0-beta1] AndroidManifest.xml:26:9-28:44
MERGED from [com.android.support:support-fragment:26.0.0-beta1] AndroidManifest.xml:26:9-28:44
MERGED from [com.android.support:support-core-ui:26.0.0-beta1] AndroidManifest.xml:26:9-28:44
MERGED from [com.android.support:support-core-ui:26.0.0-beta1] AndroidManifest.xml:26:9-28:44
MERGED from [com.android.support:support-media-compat:26.0.0-beta1] AndroidManifest.xml:26:9-28:44
MERGED from [com.android.support:support-media-compat:26.0.0-beta1] AndroidManifest.xml:26:9-28:44
MERGED from [com.android.support:support-core-utils:26.0.0-beta1] AndroidManifest.xml:26:9-28:44
MERGED from [com.android.support:support-core-utils:26.0.0-beta1] AndroidManifest.xml:26:9-28:44
MERGED from [com.android.support:support-compat:26.0.0-beta1] AndroidManifest.xml:26:9-28:44
MERGED from [com.android.support:support-compat:26.0.0-beta1] AndroidManifest.xml:26:9-28:44
	android:value
		ADDED from [com.android.support:design:26.0.0-beta1] AndroidManifest.xml:28:13-41
	android:name
		ADDED from [com.android.support:design:26.0.0-beta1] AndroidManifest.xml:27:13-51
meta-data#com.google.android.gms.version
ADDED from [com.google.maps.android:android-maps-utils:0.5] AndroidManifest.xml:8:9-10:69
MERGED from [com.google.android.gms:play-services-basement:11.0.4] AndroidManifest.xml:20:9-121
MERGED from [com.google.android.gms:play-services-basement:11.0.4] AndroidManifest.xml:20:9-121
	android:value
		ADDED from [com.google.maps.android:android-maps-utils:0.5] AndroidManifest.xml:10:13-66
	android:name
		ADDED from [com.google.maps.android:android-maps-utils:0.5] AndroidManifest.xml:9:13-58
activity#com.google.android.gms.common.api.GoogleApiActivity
ADDED from [com.google.android.gms:play-services-base:11.0.4] AndroidManifest.xml:19:9-172
	android:exported
		ADDED from [com.google.android.gms:play-services-base:11.0.4] AndroidManifest.xml:19:146-170
	android:theme
		ADDED from [com.google.android.gms:play-services-base:11.0.4] AndroidManifest.xml:19:86-145
	android:name
		ADDED from [com.google.android.gms:play-services-base:11.0.4] AndroidManifest.xml:19:19-85